<?xml version="1.0" encoding="UTF-8"?>
<testsuite xmlns:xsi="http://www.w3.org/2001/XMLSchema-instance" xsi:noNamespaceSchemaLocation="https://maven.apache.org/surefire/maven-surefire-plugin/xsd/surefire-test-report-3.0.xsd" version="3.0" name="com.example.tests.BookingTests" time="13.904" tests="2" errors="0" skipped="0" failures="0">
  <properties>
    <property name="java.specification.version" value="21"/>
    <property name="sun.jnu.encoding" value="UTF-8"/>
    <property name="java.class.path" value="/home/khanyi_code/API-Automation-Restful-booker/target/test-classes:/home/khanyi_code/API-Automation-Restful-booker/target/classes:/home/khanyi_code/.m2/repository/io/rest-assured/rest-assured/5.5.0/rest-assured-5.5.0.jar:/home/khanyi_code/.m2/repository/org/apache/groovy/groovy/4.0.22/groovy-4.0.22.jar:/home/khanyi_code/.m2/repository/org/apache/groovy/groovy-xml/4.0.22/groovy-xml-4.0.22.jar:/home/khanyi_code/.m2/repository/org/apache/httpcomponents/httpclient/4.5.13/httpclient-4.5.13.jar:/home/khanyi_code/.m2/repository/org/apache/httpcomponents/httpcore/4.4.13/httpcore-4.4.13.jar:/home/khanyi_code/.m2/repository/commons-logging/commons-logging/1.2/commons-logging-1.2.jar:/home/khanyi_code/.m2/repository/commons-codec/commons-codec/1.11/commons-codec-1.11.jar:/home/khanyi_code/.m2/repository/org/apache/httpcomponents/httpmime/4.5.13/httpmime-4.5.13.jar:/home/khanyi_code/.m2/repository/org/hamcrest/hamcrest/2.2/hamcrest-2.2.jar:/home/khanyi_code/.m2/repository/org/ccil/cowan/tagsoup/tagsoup/1.2.1/tagsoup-1.2.1.jar:/home/khanyi_code/.m2/repository/io/rest-assured/json-path/5.5.0/json-path-5.5.0.jar:/home/khanyi_code/.m2/repository/org/apache/groovy/groovy-json/4.0.22/groovy-json-4.0.22.jar:/home/khanyi_code/.m2/repository/io/rest-assured/rest-assured-common/5.5.0/rest-assured-common-5.5.0.jar:/home/khanyi_code/.m2/repository/io/rest-assured/xml-path/5.5.0/xml-path-5.5.0.jar:/home/khanyi_code/.m2/repository/org/apache/commons/commons-lang3/3.11/commons-lang3-3.11.jar:/home/khanyi_code/.m2/repository/org/junit/jupiter/junit-jupiter-api/5.8.2/junit-jupiter-api-5.8.2.jar:/home/khanyi_code/.m2/repository/org/opentest4j/opentest4j/1.2.0/opentest4j-1.2.0.jar:/home/khanyi_code/.m2/repository/org/junit/platform/junit-platform-commons/1.8.2/junit-platform-commons-1.8.2.jar:/home/khanyi_code/.m2/repository/org/apiguardian/apiguardian-api/1.1.2/apiguardian-api-1.1.2.jar:/home/khanyi_code/.m2/repository/com/fasterxml/jackson/core/jackson-databind/2.13.0/jackson-databind-2.13.0.jar:/home/khanyi_code/.m2/repository/com/fasterxml/jackson/core/jackson-annotations/2.13.0/jackson-annotations-2.13.0.jar:/home/khanyi_code/.m2/repository/com/fasterxml/jackson/core/jackson-core/2.13.0/jackson-core-2.13.0.jar:"/>
    <property name="java.vm.vendor" value="Ubuntu"/>
    <property name="sun.arch.data.model" value="64"/>
    <property name="java.vendor.url" value="https://ubuntu.com/"/>
    <property name="user.timezone" value="Africa/Johannesburg"/>
    <property name="os.name" value="Linux"/>
    <property name="java.vm.specification.version" value="21"/>
    <property name="sun.java.launcher" value="SUN_STANDARD"/>
    <property name="user.country" value="GB"/>
    <property name="sun.boot.library.path" value="/usr/lib/jvm/java-21-openjdk-amd64/lib"/>
    <property name="sun.java.command" value="/home/khanyi_code/API-Automation-Restful-booker/target/surefire/surefirebooter-20250110221347300_3.jar /home/khanyi_code/API-Automation-Restful-booker/target/surefire 2025-01-10T22-13-46_898-jvmRun1 surefire-20250110221347300_1tmp surefire_0-20250110221347300_2tmp"/>
    <property name="jdk.debug" value="release"/>
    <property name="surefire.test.class.path" value="/home/khanyi_code/API-Automation-Restful-booker/target/test-classes:/home/khanyi_code/API-Automation-Restful-booker/target/classes:/home/khanyi_code/.m2/repository/io/rest-assured/rest-assured/5.5.0/rest-assured-5.5.0.jar:/home/khanyi_code/.m2/repository/org/apache/groovy/groovy/4.0.22/groovy-4.0.22.jar:/home/khanyi_code/.m2/repository/org/apache/groovy/groovy-xml/4.0.22/groovy-xml-4.0.22.jar:/home/khanyi_code/.m2/repository/org/apache/httpcomponents/httpclient/4.5.13/httpclient-4.5.13.jar:/home/khanyi_code/.m2/repository/org/apache/httpcomponents/httpcore/4.4.13/httpcore-4.4.13.jar:/home/khanyi_code/.m2/repository/commons-logging/commons-logging/1.2/commons-logging-1.2.jar:/home/khanyi_code/.m2/repository/commons-codec/commons-codec/1.11/commons-codec-1.11.jar:/home/khanyi_code/.m2/repository/org/apache/httpcomponents/httpmime/4.5.13/httpmime-4.5.13.jar:/home/khanyi_code/.m2/repository/org/hamcrest/hamcrest/2.2/hamcrest-2.2.jar:/home/khanyi_code/.m2/repository/org/ccil/cowan/tagsoup/tagsoup/1.2.1/tagsoup-1.2.1.jar:/home/khanyi_code/.m2/repository/io/rest-assured/json-path/5.5.0/json-path-5.5.0.jar:/home/khanyi_code/.m2/repository/org/apache/groovy/groovy-json/4.0.22/groovy-json-4.0.22.jar:/home/khanyi_code/.m2/repository/io/rest-assured/rest-assured-common/5.5.0/rest-assured-common-5.5.0.jar:/home/khanyi_code/.m2/repository/io/rest-assured/xml-path/5.5.0/xml-path-5.5.0.jar:/home/khanyi_code/.m2/repository/org/apache/commons/commons-lang3/3.11/commons-lang3-3.11.jar:/home/khanyi_code/.m2/repository/org/junit/jupiter/junit-jupiter-api/5.8.2/junit-jupiter-api-5.8.2.jar:/home/khanyi_code/.m2/repository/org/opentest4j/opentest4j/1.2.0/opentest4j-1.2.0.jar:/home/khanyi_code/.m2/repository/org/junit/platform/junit-platform-commons/1.8.2/junit-platform-commons-1.8.2.jar:/home/khanyi_code/.m2/repository/org/apiguardian/apiguardian-api/1.1.2/apiguardian-api-1.1.2.jar:/home/khanyi_code/.m2/repository/com/fasterxml/jackson/core/jackson-databind/2.13.0/jackson-databind-2.13.0.jar:/home/khanyi_code/.m2/repository/com/fasterxml/jackson/core/jackson-annotations/2.13.0/jackson-annotations-2.13.0.jar:/home/khanyi_code/.m2/repository/com/fasterxml/jackson/core/jackson-core/2.13.0/jackson-core-2.13.0.jar:"/>
    <property name="sun.cpu.endian" value="little"/>
    <property name="user.home" value="/home/khanyi_code"/>
    <property name="user.language" value="en"/>
    <property name="java.specification.vendor" value="Oracle Corporation"/>
    <property name="java.version.date" value="2024-10-15"/>
    <property name="java.home" value="/usr/lib/jvm/java-21-openjdk-amd64"/>
    <property name="file.separator" value="/"/>
    <property name="basedir" value="/home/khanyi_code/API-Automation-Restful-booker"/>
    <property name="java.vm.compressedOopsMode" value="32-bit"/>
    <property name="line.separator" value="&#10;"/>
    <property name="java.specification.name" value="Java Platform API Specification"/>
    <property name="java.vm.specification.vendor" value="Oracle Corporation"/>
    <property name="surefire.real.class.path" value="/home/khanyi_code/API-Automation-Restful-booker/target/surefire/surefirebooter-20250110221347300_3.jar"/>
    <property name="sun.management.compiler" value="HotSpot 64-Bit Tiered Compilers"/>
    <property name="java.runtime.version" value="21.0.5+11-Ubuntu-1ubuntu122.04"/>
    <property name="user.name" value="khanyi_code"/>
    <property name="stdout.encoding" value="UTF-8"/>
    <property name="path.separator" value=":"/>
    <property name="os.version" value="6.6.10-76060610-generic"/>
    <property name="java.runtime.name" value="OpenJDK Runtime Environment"/>
    <property name="file.encoding" value="UTF-8"/>
    <property name="java.vm.name" value="OpenJDK 64-Bit Server VM"/>
    <property name="localRepository" value="/home/khanyi_code/.m2/repository"/>
    <property name="java.vendor.url.bug" value="https://bugs.launchpad.net/ubuntu/+source/openjdk-21"/>
    <property name="java.io.tmpdir" value="/tmp"/>
    <property name="java.version" value="21.0.5"/>
    <property name="user.dir" value="/home/khanyi_code/API-Automation-Restful-booker"/>
    <property name="os.arch" value="amd64"/>
    <property name="java.vm.specification.name" value="Java Virtual Machine Specification"/>
    <property name="native.encoding" value="UTF-8"/>
    <property name="java.library.path" value="/usr/java/packages/lib:/usr/lib/x86_64-linux-gnu/jni:/lib/x86_64-linux-gnu:/usr/lib/x86_64-linux-gnu:/usr/lib/jni:/lib:/usr/lib"/>
    <property name="java.vm.info" value="mixed mode, sharing"/>
    <property name="stderr.encoding" value="UTF-8"/>
    <property name="java.vendor" value="Ubuntu"/>
    <property name="java.vm.version" value="21.0.5+11-Ubuntu-1ubuntu122.04"/>
    <property name="sun.io.unicode.encoding" value="UnicodeLittle"/>
    <property name="java.class.version" value="65.0"/>
  </properties>
  <testcase name="createBooking" classname="com.example.tests.BookingTests" time="10.261">
    <system-out><![CDATA[Booking ID: 1533
First Name: Jim
]]></system-out>
  </testcase>
  <testcase name="getBookingById" classname="com.example.tests.BookingTests" time="2.139">
    <system-out><![CDATA[Response Body: {"firstname":"Jim","lastname":"Brown","totalprice":286,"depositpaid":true,"bookingdates":{"checkin":"2024-12-24","checkout":"2024-12-30"}}
]]></system-out>
  </testcase>
</testsuite>